<?xml version="1.0" encoding="UTF-8"?>
<!-- Generated by org.testng.reporters.JUnitXMLReporter -->
<testsuite ignored="0" hostname="Vinay-rao" failures="1" tests="1" name="Surefire test" time="3.68" errors="0" timestamp="2026-02-12T12:04:09 IST">
  <testcase classname="api.testcases.UserTest" name="testCreateuser" time="3.454">
    <failure type="java.lang.AssertionError" message="expected [1926343982] but found [1926343982]">
      <![CDATA[java.lang.AssertionError: expected [1926343982] but found [1926343982]
at Validations.createUserApiValidator.validateMessageField(createUserApiValidator.java:105)
at api.testcases.UserTest.testCreateuser(UserTest.java:45)
at java.base/java.util.ArrayList.forEach(ArrayList.java:1604)
... Removed 35 stack frames]]>
    </failure>
  </testcase> <!-- testCreateuser -->
</testsuite> <!-- Surefire test -->
