<?xml version="1.0" encoding="UTF-8"?>
<testng-results ignored="0" total="1" passed="1" failed="0" skipped="0">
  <reporter-output>
  </reporter-output>
  <suite started-at="2026-02-22T15:39:50 IST" name="Surefire suite" finished-at="2026-02-22T15:39:57 IST" duration-ms="7201">
    <groups>
    </groups>
    <test started-at="2026-02-22T15:39:50 IST" name="Surefire test" finished-at="2026-02-22T15:39:57 IST" duration-ms="7201">
      <class name="api.testcases.UserTest">
        <test-method is-config="true" signature="generateTestData()[pri:0, instance:api.testcases.UserTest@14ec4505]" started-at="2026-02-22T15:39:50 IST" name="generateTestData" finished-at="2026-02-22T15:39:51 IST" duration-ms="896" status="PASS">
          <reporter-output>
          </reporter-output>
        </test-method> <!-- generateTestData -->
        <test-method signature="testCreateuser()[pri:0, instance:api.testcases.UserTest@14ec4505]" started-at="2026-02-22T15:39:51 IST" name="testCreateuser" finished-at="2026-02-22T15:39:57 IST" duration-ms="6241" status="PASS">
          <reporter-output>
          </reporter-output>
        </test-method> <!-- testCreateuser -->
      </class> <!-- api.testcases.UserTest -->
    </test> <!-- Surefire test -->
  </suite> <!-- Surefire suite -->
</testng-results>
