<?xml version="1.0" encoding="UTF-8"?>
<testng-results ignored="0" total="1" passed="1" failed="0" skipped="0">
  <reporter-output>
  </reporter-output>
  <suite started-at="2026-02-18T00:45:56 IST" name="Default suite" finished-at="2026-02-18T00:46:02 IST" duration-ms="6155">
    <groups>
    </groups>
    <test started-at="2026-02-18T00:45:56 IST" name="Default test" finished-at="2026-02-18T00:46:02 IST" duration-ms="6155">
      <class name="api.testcases.UserTest">
        <test-method is-config="true" signature="generateTestData()[pri:0, instance:api.testcases.UserTest@61862a7f]" started-at="2026-02-18T00:45:56 IST" name="generateTestData" finished-at="2026-02-18T00:45:57 IST" duration-ms="281" status="PASS">
          <reporter-output>
          </reporter-output>
        </test-method> <!-- generateTestData -->
        <test-method signature="testCreateuser()[pri:0, instance:api.testcases.UserTest@61862a7f]" started-at="2026-02-18T00:45:57 IST" name="testCreateuser" finished-at="2026-02-18T00:46:02 IST" duration-ms="5806" status="PASS">
          <reporter-output>
          </reporter-output>
        </test-method> <!-- testCreateuser -->
      </class> <!-- api.testcases.UserTest -->
    </test> <!-- Default test -->
  </suite> <!-- Default suite -->
</testng-results>
